<?xml version="1.0" encoding="UTF-8"?>
<plugin>
    <name>Test Maven Plugin</name>
    <description>Description of "test" plugin</description>
    <groupId>com.github.codeteapot.maven.plugin.testing.plexus</groupId>
    <artifactId>test-maven-plugin</artifactId>
    <version>1.0.0</version>
    <goalPrefix>test</goalPrefix>
    <isolatedRealm>false</isolatedRealm>
    <inheritedByDefault>true</inheritedByDefault>
    <mojos>
        <mojo>
            <goal>test</goal>
            <description>Description of "test" goal</description>
            <requiresDirectInvocation>false</requiresDirectInvocation>
            <requiresProject>true</requiresProject>
            <requiresReports>false</requiresReports>
            <aggregator>false</aggregator>
            <requiresOnline>false</requiresOnline>
            <inheritedByDefault>true</inheritedByDefault>
            <implementation>com.github.codeteapot.maven.plugin.testing.plexus.TestGoalMojo</implementation>
            <language>java</language>
            <instantiationStrategy>per-lookup</instantiationStrategy>
            <executionStrategy>once-per-session</executionStrategy>
            <threadSafe>false</threadSafe>
            <parameters>
                <parameter>
                    <name>skip</name>
                    <type>boolean</type>
                    <required>false</required>
                    <editable>true</editable>
                    <description>Description of "skip" parameter</description>
                </parameter>
                <parameter>
                    <name>operands</name>
                    <type>java.util.List</type>
                    <required>false</required>
                    <editable>true</editable>
                    <description>Description of "operands" parameter</description>
                </parameter>
            </parameters>
            <configuration>
                <baseDir implementation="java.io.File" default-value="${basedir}"/>
                <skip implementation="boolean" default-value="false"/>
            </configuration>
            <requirements>
                <requirement>
                    <role>com.github.codeteapot.maven.plugin.testing.plexus.OperationFactory</role>
                    <field-name>operationFactory</field-name>
                </requirement>
            </requirements>
        </mojo>
    </mojos>
    <dependencies/>
</plugin>
